running egg_info
writing ../../build/head/head.egg-info/PKG-INFO
writing dependency_links to ../../build/head/head.egg-info/dependency_links.txt
writing entry points to ../../build/head/head.egg-info/entry_points.txt
writing requirements to ../../build/head/head.egg-info/requires.txt
writing top-level names to ../../build/head/head.egg-info/top_level.txt
reading manifest file '../../build/head/head.egg-info/SOURCES.txt'
writing manifest file '../../build/head/head.egg-info/SOURCES.txt'
running build
running build_py
copying head/head.py -> /home/adam/r2_motion/build/head/build/lib/head
running install
running install_lib
copying /home/adam/r2_motion/build/head/build/lib/head/head.py -> /home/adam/r2_motion/install/head/lib/python3.10/site-packages/head
byte-compiling /home/adam/r2_motion/install/head/lib/python3.10/site-packages/head/head.py to head.cpython-310.pyc
running install_data
running install_egg_info
removing '/home/adam/r2_motion/install/head/lib/python3.10/site-packages/head-0.0.0-py3.10.egg-info' (and everything under it)
Copying ../../build/head/head.egg-info to /home/adam/r2_motion/install/head/lib/python3.10/site-packages/head-0.0.0-py3.10.egg-info
running install_scripts
Installing head script to /home/adam/r2_motion/install/head/lib/head
writing list of installed files to '/home/adam/r2_motion/build/head/install.log'
