[2.162s] DEBUG:colcon:Command line arguments: ['/home/adam/.local/bin/colcon', 'build']
[2.162s] DEBUG:colcon:Parsed command line arguments: Namespace(log_base=None, log_level=None, verb_name='build', build_base='build', install_base='install', merge_install=False, symlink_install=False, test_result_base=None, continue_on_error=False, executor='parallel', parallel_workers=4, event_handlers=None, ignore_user_meta=False, metas=['./colcon.meta'], base_paths=['.'], packages_ignore=None, packages_ignore_regex=None, paths=None, packages_up_to=None, packages_up_to_regex=None, packages_above=None, packages_above_and_dependencies=None, packages_above_depth=None, packages_select_by_dep=None, packages_skip_by_dep=None, packages_skip_up_to=None, packages_select_build_failed=False, packages_skip_build_finished=False, packages_select_test_failures=False, packages_skip_test_passed=False, packages_select=None, packages_skip=None, packages_select_regex=None, packages_skip_regex=None, packages_start=None, packages_end=None, allow_overriding=[], cmake_args=None, cmake_target=None, cmake_target_skip_unavailable=False, cmake_clean_cache=False, cmake_clean_first=False, cmake_force_configure=False, gradle_args=None, gradle_task=None, ament_cmake_args=None, catkin_cmake_args=None, catkin_skip_building_tests=False, mixin_files=None, mixin=None, verb_parser=<colcon_mixin.mixin.mixin_argument.MixinArgumentDecorator object at 0xffffbaacace0>, verb_extension=<colcon_core.verb.build.BuildVerb object at 0xffffbaaca350>, main=<bound method BuildVerb.main of <colcon_core.verb.build.BuildVerb object at 0xffffbaaca350>>, mixin_verb=('build',))
[4.776s] Level 1:colcon.colcon_core.package_discovery:discover_packages(colcon_meta) check parameters
[4.777s] Level 1:colcon.colcon_core.package_discovery:discover_packages(recursive) check parameters
[4.777s] Level 1:colcon.colcon_core.package_discovery:discover_packages(ignore) check parameters
[4.777s] Level 1:colcon.colcon_core.package_discovery:discover_packages(path) check parameters
[4.778s] Level 1:colcon.colcon_core.package_discovery:discover_packages(colcon_meta) discover
[4.778s] Level 1:colcon.colcon_core.package_discovery:discover_packages(recursive) discover
[4.778s] INFO:colcon.colcon_core.package_discovery:Crawling recursively for packages in '/home/adam/r2_motion'
[4.779s] Level 1:colcon.colcon_core.package_identification:_identify(.) by extensions ['ignore', 'ignore_ament_install']
[4.779s] Level 1:colcon.colcon_core.package_identification:_identify(.) by extension 'ignore'
[4.779s] Level 1:colcon.colcon_core.package_identification:_identify(.) by extension 'ignore_ament_install'
[4.780s] Level 1:colcon.colcon_core.package_identification:_identify(.) by extensions ['colcon_pkg']
[4.780s] Level 1:colcon.colcon_core.package_identification:_identify(.) by extension 'colcon_pkg'
[4.780s] Level 1:colcon.colcon_core.package_identification:_identify(.) by extensions ['colcon_meta']
[4.780s] Level 1:colcon.colcon_core.package_identification:_identify(.) by extension 'colcon_meta'
[4.781s] Level 1:colcon.colcon_core.package_identification:_identify(.) by extensions ['ros']
[4.781s] Level 1:colcon.colcon_core.package_identification:_identify(.) by extension 'ros'
[4.833s] Level 1:colcon.colcon_core.package_identification:_identify(.) by extensions ['cmake', 'gradle', 'python']
[4.833s] Level 1:colcon.colcon_core.package_identification:_identify(.) by extension 'cmake'
[4.833s] Level 1:colcon.colcon_core.package_identification:_identify(.) by extension 'gradle'
[4.834s] Level 1:colcon.colcon_core.package_identification:_identify(.) by extension 'python'
[4.834s] Level 1:colcon.colcon_core.package_identification:_identify(.) by extensions ['python_setup_py']
[4.834s] Level 1:colcon.colcon_core.package_identification:_identify(.) by extension 'python_setup_py'
[4.835s] Level 1:colcon.colcon_core.package_identification:_identify(build) by extensions ['ignore', 'ignore_ament_install']
[4.835s] Level 1:colcon.colcon_core.package_identification:_identify(build) by extension 'ignore'
[4.835s] Level 1:colcon.colcon_core.package_identification:_identify(build) ignored
[4.836s] Level 1:colcon.colcon_core.package_identification:_identify(install) by extensions ['ignore', 'ignore_ament_install']
[4.837s] Level 1:colcon.colcon_core.package_identification:_identify(install) by extension 'ignore'
[4.837s] Level 1:colcon.colcon_core.package_identification:_identify(install) ignored
[4.838s] Level 1:colcon.colcon_core.package_identification:_identify(log) by extensions ['ignore', 'ignore_ament_install']
[4.839s] Level 1:colcon.colcon_core.package_identification:_identify(log) by extension 'ignore'
[4.839s] Level 1:colcon.colcon_core.package_identification:_identify(log) ignored
[4.839s] Level 1:colcon.colcon_core.package_identification:_identify(src) by extensions ['ignore', 'ignore_ament_install']
[4.840s] Level 1:colcon.colcon_core.package_identification:_identify(src) by extension 'ignore'
[4.840s] Level 1:colcon.colcon_core.package_identification:_identify(src) by extension 'ignore_ament_install'
[4.840s] Level 1:colcon.colcon_core.package_identification:_identify(src) by extensions ['colcon_pkg']
[4.840s] Level 1:colcon.colcon_core.package_identification:_identify(src) by extension 'colcon_pkg'
[4.841s] Level 1:colcon.colcon_core.package_identification:_identify(src) by extensions ['colcon_meta']
[4.841s] Level 1:colcon.colcon_core.package_identification:_identify(src) by extension 'colcon_meta'
[4.841s] Level 1:colcon.colcon_core.package_identification:_identify(src) by extensions ['ros']
[4.841s] Level 1:colcon.colcon_core.package_identification:_identify(src) by extension 'ros'
[4.842s] Level 1:colcon.colcon_core.package_identification:_identify(src) by extensions ['cmake', 'gradle', 'python']
[4.842s] Level 1:colcon.colcon_core.package_identification:_identify(src) by extension 'cmake'
[4.842s] Level 1:colcon.colcon_core.package_identification:_identify(src) by extension 'gradle'
[4.842s] Level 1:colcon.colcon_core.package_identification:_identify(src) by extension 'python'
[4.843s] Level 1:colcon.colcon_core.package_identification:_identify(src) by extensions ['python_setup_py']
[4.843s] Level 1:colcon.colcon_core.package_identification:_identify(src) by extension 'python_setup_py'
[4.843s] Level 1:colcon.colcon_core.package_identification:_identify(src/bno055) by extensions ['ignore', 'ignore_ament_install']
[4.844s] Level 1:colcon.colcon_core.package_identification:_identify(src/bno055) by extension 'ignore'
[4.844s] Level 1:colcon.colcon_core.package_identification:_identify(src/bno055) by extension 'ignore_ament_install'
[4.844s] Level 1:colcon.colcon_core.package_identification:_identify(src/bno055) by extensions ['colcon_pkg']
[4.845s] Level 1:colcon.colcon_core.package_identification:_identify(src/bno055) by extension 'colcon_pkg'
[4.845s] Level 1:colcon.colcon_core.package_identification:_identify(src/bno055) by extensions ['colcon_meta']
[4.845s] Level 1:colcon.colcon_core.package_identification:_identify(src/bno055) by extension 'colcon_meta'
[4.845s] Level 1:colcon.colcon_core.package_identification:_identify(src/bno055) by extensions ['ros']
[4.845s] Level 1:colcon.colcon_core.package_identification:_identify(src/bno055) by extension 'ros'
[4.887s] DEBUG:colcon.colcon_core.package_identification:Package 'src/bno055' with type 'ros.ament_python' and name 'bno055'
[4.888s] Level 1:colcon.colcon_core.package_identification:_identify(src/drivetrain) by extensions ['ignore', 'ignore_ament_install']
[4.889s] Level 1:colcon.colcon_core.package_identification:_identify(src/drivetrain) by extension 'ignore'
[4.889s] Level 1:colcon.colcon_core.package_identification:_identify(src/drivetrain) by extension 'ignore_ament_install'
[4.890s] Level 1:colcon.colcon_core.package_identification:_identify(src/drivetrain) by extensions ['colcon_pkg']
[4.890s] Level 1:colcon.colcon_core.package_identification:_identify(src/drivetrain) by extension 'colcon_pkg'
[4.891s] Level 1:colcon.colcon_core.package_identification:_identify(src/drivetrain) by extensions ['colcon_meta']
[4.891s] Level 1:colcon.colcon_core.package_identification:_identify(src/drivetrain) by extension 'colcon_meta'
[4.891s] Level 1:colcon.colcon_core.package_identification:_identify(src/drivetrain) by extensions ['ros']
[4.892s] Level 1:colcon.colcon_core.package_identification:_identify(src/drivetrain) by extension 'ros'
[4.901s] DEBUG:colcon.colcon_core.package_identification:Package 'src/drivetrain' with type 'ros.ament_python' and name 'drivetrain'
[4.901s] Level 1:colcon.colcon_core.package_identification:_identify(src/gps) by extensions ['ignore', 'ignore_ament_install']
[4.902s] Level 1:colcon.colcon_core.package_identification:_identify(src/gps) by extension 'ignore'
[4.902s] Level 1:colcon.colcon_core.package_identification:_identify(src/gps) by extension 'ignore_ament_install'
[4.902s] Level 1:colcon.colcon_core.package_identification:_identify(src/gps) by extensions ['colcon_pkg']
[4.903s] Level 1:colcon.colcon_core.package_identification:_identify(src/gps) by extension 'colcon_pkg'
[4.903s] Level 1:colcon.colcon_core.package_identification:_identify(src/gps) by extensions ['colcon_meta']
[4.903s] Level 1:colcon.colcon_core.package_identification:_identify(src/gps) by extension 'colcon_meta'
[4.903s] Level 1:colcon.colcon_core.package_identification:_identify(src/gps) by extensions ['ros']
[4.903s] Level 1:colcon.colcon_core.package_identification:_identify(src/gps) by extension 'ros'
[4.907s] DEBUG:colcon.colcon_core.package_identification:Package 'src/gps' with type 'ros.ament_python' and name 'gps'
[4.908s] Level 1:colcon.colcon_core.package_identification:_identify(src/head) by extensions ['ignore', 'ignore_ament_install']
[4.909s] Level 1:colcon.colcon_core.package_identification:_identify(src/head) by extension 'ignore'
[4.909s] Level 1:colcon.colcon_core.package_identification:_identify(src/head) by extension 'ignore_ament_install'
[4.910s] Level 1:colcon.colcon_core.package_identification:_identify(src/head) by extensions ['colcon_pkg']
[4.910s] Level 1:colcon.colcon_core.package_identification:_identify(src/head) by extension 'colcon_pkg'
[4.910s] Level 1:colcon.colcon_core.package_identification:_identify(src/head) by extensions ['colcon_meta']
[4.910s] Level 1:colcon.colcon_core.package_identification:_identify(src/head) by extension 'colcon_meta'
[4.911s] Level 1:colcon.colcon_core.package_identification:_identify(src/head) by extensions ['ros']
[4.911s] Level 1:colcon.colcon_core.package_identification:_identify(src/head) by extension 'ros'
[4.915s] DEBUG:colcon.colcon_core.package_identification:Package 'src/head' with type 'ros.ament_python' and name 'head'
[4.916s] Level 1:colcon.colcon_core.package_identification:_identify(src/sensors) by extensions ['ignore', 'ignore_ament_install']
[4.916s] Level 1:colcon.colcon_core.package_identification:_identify(src/sensors) by extension 'ignore'
[4.917s] Level 1:colcon.colcon_core.package_identification:_identify(src/sensors) by extension 'ignore_ament_install'
[4.917s] Level 1:colcon.colcon_core.package_identification:_identify(src/sensors) by extensions ['colcon_pkg']
[4.917s] Level 1:colcon.colcon_core.package_identification:_identify(src/sensors) by extension 'colcon_pkg'
[4.917s] Level 1:colcon.colcon_core.package_identification:_identify(src/sensors) by extensions ['colcon_meta']
[4.918s] Level 1:colcon.colcon_core.package_identification:_identify(src/sensors) by extension 'colcon_meta'
[4.918s] Level 1:colcon.colcon_core.package_identification:_identify(src/sensors) by extensions ['ros']
[4.918s] Level 1:colcon.colcon_core.package_identification:_identify(src/sensors) by extension 'ros'
[4.921s] DEBUG:colcon.colcon_core.package_identification:Package 'src/sensors' with type 'ros.ament_python' and name 'sensors'
[4.922s] Level 1:colcon.colcon_core.package_identification:_identify(src/teleop) by extensions ['ignore', 'ignore_ament_install']
[4.922s] Level 1:colcon.colcon_core.package_identification:_identify(src/teleop) by extension 'ignore'
[4.923s] Level 1:colcon.colcon_core.package_identification:_identify(src/teleop) by extension 'ignore_ament_install'
[4.923s] Level 1:colcon.colcon_core.package_identification:_identify(src/teleop) by extensions ['colcon_pkg']
[4.923s] Level 1:colcon.colcon_core.package_identification:_identify(src/teleop) by extension 'colcon_pkg'
[4.924s] Level 1:colcon.colcon_core.package_identification:_identify(src/teleop) by extensions ['colcon_meta']
[4.924s] Level 1:colcon.colcon_core.package_identification:_identify(src/teleop) by extension 'colcon_meta'
[4.924s] Level 1:colcon.colcon_core.package_identification:_identify(src/teleop) by extensions ['ros']
[4.924s] Level 1:colcon.colcon_core.package_identification:_identify(src/teleop) by extension 'ros'
[4.927s] DEBUG:colcon.colcon_core.package_identification:Package 'src/teleop' with type 'ros.ament_python' and name 'teleop'
[4.927s] Level 1:colcon.colcon_core.package_discovery:discover_packages(recursive) using defaults
[4.928s] Level 1:colcon.colcon_core.package_discovery:discover_packages(ignore) discover
[4.928s] Level 1:colcon.colcon_core.package_discovery:discover_packages(ignore) using defaults
[4.928s] Level 1:colcon.colcon_core.package_discovery:discover_packages(path) discover
[4.928s] Level 1:colcon.colcon_core.package_discovery:discover_packages(path) using defaults
[5.282s] Level 1:colcon.colcon_core.package_discovery:discover_packages(prefix_path) check parameters
[5.282s] Level 1:colcon.colcon_core.package_discovery:discover_packages(prefix_path) discover
[5.317s] DEBUG:colcon.colcon_installed_package_information.package_discovery:Found 5 installed packages in /home/adam/scout/install
[5.323s] DEBUG:colcon.colcon_installed_package_information.package_discovery:Found 6 installed packages in /home/adam/fastdds_testing/fastdds_python_ws/install
[5.337s] DEBUG:colcon.colcon_installed_package_information.package_discovery:Found 285 installed packages in /opt/ros/humble
[5.345s] Level 1:colcon.colcon_core.package_discovery:discover_packages(prefix_path) using defaults
[5.612s] Level 5:colcon.colcon_core.verb:set package 'bno055' build argument 'cmake_args' from command line to 'None'
[5.612s] Level 5:colcon.colcon_core.verb:set package 'bno055' build argument 'cmake_target' from command line to 'None'
[5.612s] Level 5:colcon.colcon_core.verb:set package 'bno055' build argument 'cmake_target_skip_unavailable' from command line to 'False'
[5.612s] Level 5:colcon.colcon_core.verb:set package 'bno055' build argument 'cmake_clean_cache' from command line to 'False'
[5.612s] Level 5:colcon.colcon_core.verb:set package 'bno055' build argument 'cmake_clean_first' from command line to 'False'
[5.613s] Level 5:colcon.colcon_core.verb:set package 'bno055' build argument 'cmake_force_configure' from command line to 'False'
[5.613s] Level 5:colcon.colcon_core.verb:set package 'bno055' build argument 'gradle_args' from command line to 'None'
[5.613s] Level 5:colcon.colcon_core.verb:set package 'bno055' build argument 'gradle_task' from command line to 'None'
[5.613s] Level 5:colcon.colcon_core.verb:set package 'bno055' build argument 'ament_cmake_args' from command line to 'None'
[5.613s] Level 5:colcon.colcon_core.verb:set package 'bno055' build argument 'catkin_cmake_args' from command line to 'None'
[5.613s] Level 5:colcon.colcon_core.verb:set package 'bno055' build argument 'catkin_skip_building_tests' from command line to 'False'
[5.613s] DEBUG:colcon.colcon_core.verb:Building package 'bno055' with the following arguments: {'ament_cmake_args': None, 'build_base': '/home/adam/r2_motion/build/bno055', 'catkin_cmake_args': None, 'catkin_skip_building_tests': False, 'cmake_args': None, 'cmake_clean_cache': False, 'cmake_clean_first': False, 'cmake_force_configure': False, 'cmake_target': None, 'cmake_target_skip_unavailable': False, 'gradle_args': None, 'gradle_task': None, 'install_base': '/home/adam/r2_motion/install/bno055', 'merge_install': False, 'path': '/home/adam/r2_motion/src/bno055', 'symlink_install': False, 'test_result_base': None}
[5.615s] Level 5:colcon.colcon_core.verb:set package 'drivetrain' build argument 'cmake_args' from command line to 'None'
[5.616s] Level 5:colcon.colcon_core.verb:set package 'drivetrain' build argument 'cmake_target' from command line to 'None'
[5.616s] Level 5:colcon.colcon_core.verb:set package 'drivetrain' build argument 'cmake_target_skip_unavailable' from command line to 'False'
[5.616s] Level 5:colcon.colcon_core.verb:set package 'drivetrain' build argument 'cmake_clean_cache' from command line to 'False'
[5.616s] Level 5:colcon.colcon_core.verb:set package 'drivetrain' build argument 'cmake_clean_first' from command line to 'False'
[5.616s] Level 5:colcon.colcon_core.verb:set package 'drivetrain' build argument 'cmake_force_configure' from command line to 'False'
[5.616s] Level 5:colcon.colcon_core.verb:set package 'drivetrain' build argument 'gradle_args' from command line to 'None'
[5.617s] Level 5:colcon.colcon_core.verb:set package 'drivetrain' build argument 'gradle_task' from command line to 'None'
[5.617s] Level 5:colcon.colcon_core.verb:set package 'drivetrain' build argument 'ament_cmake_args' from command line to 'None'
[5.617s] Level 5:colcon.colcon_core.verb:set package 'drivetrain' build argument 'catkin_cmake_args' from command line to 'None'
[5.617s] Level 5:colcon.colcon_core.verb:set package 'drivetrain' build argument 'catkin_skip_building_tests' from command line to 'False'
[5.617s] DEBUG:colcon.colcon_core.verb:Building package 'drivetrain' with the following arguments: {'ament_cmake_args': None, 'build_base': '/home/adam/r2_motion/build/drivetrain', 'catkin_cmake_args': None, 'catkin_skip_building_tests': False, 'cmake_args': None, 'cmake_clean_cache': False, 'cmake_clean_first': False, 'cmake_force_configure': False, 'cmake_target': None, 'cmake_target_skip_unavailable': False, 'gradle_args': None, 'gradle_task': None, 'install_base': '/home/adam/r2_motion/install/drivetrain', 'merge_install': False, 'path': '/home/adam/r2_motion/src/drivetrain', 'symlink_install': False, 'test_result_base': None}
[5.619s] Level 5:colcon.colcon_core.verb:set package 'gps' build argument 'cmake_args' from command line to 'None'
[5.619s] Level 5:colcon.colcon_core.verb:set package 'gps' build argument 'cmake_target' from command line to 'None'
[5.619s] Level 5:colcon.colcon_core.verb:set package 'gps' build argument 'cmake_target_skip_unavailable' from command line to 'False'
[5.619s] Level 5:colcon.colcon_core.verb:set package 'gps' build argument 'cmake_clean_cache' from command line to 'False'
[5.620s] Level 5:colcon.colcon_core.verb:set package 'gps' build argument 'cmake_clean_first' from command line to 'False'
[5.620s] Level 5:colcon.colcon_core.verb:set package 'gps' build argument 'cmake_force_configure' from command line to 'False'
[5.620s] Level 5:colcon.colcon_core.verb:set package 'gps' build argument 'gradle_args' from command line to 'None'
[5.620s] Level 5:colcon.colcon_core.verb:set package 'gps' build argument 'gradle_task' from command line to 'None'
[5.620s] Level 5:colcon.colcon_core.verb:set package 'gps' build argument 'ament_cmake_args' from command line to 'None'
[5.620s] Level 5:colcon.colcon_core.verb:set package 'gps' build argument 'catkin_cmake_args' from command line to 'None'
[5.620s] Level 5:colcon.colcon_core.verb:set package 'gps' build argument 'catkin_skip_building_tests' from command line to 'False'
[5.621s] DEBUG:colcon.colcon_core.verb:Building package 'gps' with the following arguments: {'ament_cmake_args': None, 'build_base': '/home/adam/r2_motion/build/gps', 'catkin_cmake_args': None, 'catkin_skip_building_tests': False, 'cmake_args': None, 'cmake_clean_cache': False, 'cmake_clean_first': False, 'cmake_force_configure': False, 'cmake_target': None, 'cmake_target_skip_unavailable': False, 'gradle_args': None, 'gradle_task': None, 'install_base': '/home/adam/r2_motion/install/gps', 'merge_install': False, 'path': '/home/adam/r2_motion/src/gps', 'symlink_install': False, 'test_result_base': None}
[5.622s] Level 5:colcon.colcon_core.verb:set package 'head' build argument 'cmake_args' from command line to 'None'
[5.623s] Level 5:colcon.colcon_core.verb:set package 'head' build argument 'cmake_target' from command line to 'None'
[5.623s] Level 5:colcon.colcon_core.verb:set package 'head' build argument 'cmake_target_skip_unavailable' from command line to 'False'
[5.623s] Level 5:colcon.colcon_core.verb:set package 'head' build argument 'cmake_clean_cache' from command line to 'False'
[5.623s] Level 5:colcon.colcon_core.verb:set package 'head' build argument 'cmake_clean_first' from command line to 'False'
[5.623s] Level 5:colcon.colcon_core.verb:set package 'head' build argument 'cmake_force_configure' from command line to 'False'
[5.623s] Level 5:colcon.colcon_core.verb:set package 'head' build argument 'gradle_args' from command line to 'None'
[5.623s] Level 5:colcon.colcon_core.verb:set package 'head' build argument 'gradle_task' from command line to 'None'
[5.624s] Level 5:colcon.colcon_core.verb:set package 'head' build argument 'ament_cmake_args' from command line to 'None'
[5.624s] Level 5:colcon.colcon_core.verb:set package 'head' build argument 'catkin_cmake_args' from command line to 'None'
[5.624s] Level 5:colcon.colcon_core.verb:set package 'head' build argument 'catkin_skip_building_tests' from command line to 'False'
[5.624s] DEBUG:colcon.colcon_core.verb:Building package 'head' with the following arguments: {'ament_cmake_args': None, 'build_base': '/home/adam/r2_motion/build/head', 'catkin_cmake_args': None, 'catkin_skip_building_tests': False, 'cmake_args': None, 'cmake_clean_cache': False, 'cmake_clean_first': False, 'cmake_force_configure': False, 'cmake_target': None, 'cmake_target_skip_unavailable': False, 'gradle_args': None, 'gradle_task': None, 'install_base': '/home/adam/r2_motion/install/head', 'merge_install': False, 'path': '/home/adam/r2_motion/src/head', 'symlink_install': False, 'test_result_base': None}
[5.626s] Level 5:colcon.colcon_core.verb:set package 'sensors' build argument 'cmake_args' from command line to 'None'
[5.626s] Level 5:colcon.colcon_core.verb:set package 'sensors' build argument 'cmake_target' from command line to 'None'
[5.626s] Level 5:colcon.colcon_core.verb:set package 'sensors' build argument 'cmake_target_skip_unavailable' from command line to 'False'
[5.626s] Level 5:colcon.colcon_core.verb:set package 'sensors' build argument 'cmake_clean_cache' from command line to 'False'
[5.627s] Level 5:colcon.colcon_core.verb:set package 'sensors' build argument 'cmake_clean_first' from command line to 'False'
[5.627s] Level 5:colcon.colcon_core.verb:set package 'sensors' build argument 'cmake_force_configure' from command line to 'False'
[5.627s] Level 5:colcon.colcon_core.verb:set package 'sensors' build argument 'gradle_args' from command line to 'None'
[5.627s] Level 5:colcon.colcon_core.verb:set package 'sensors' build argument 'gradle_task' from command line to 'None'
[5.627s] Level 5:colcon.colcon_core.verb:set package 'sensors' build argument 'ament_cmake_args' from command line to 'None'
[5.627s] Level 5:colcon.colcon_core.verb:set package 'sensors' build argument 'catkin_cmake_args' from command line to 'None'
[5.627s] Level 5:colcon.colcon_core.verb:set package 'sensors' build argument 'catkin_skip_building_tests' from command line to 'False'
[5.627s] DEBUG:colcon.colcon_core.verb:Building package 'sensors' with the following arguments: {'ament_cmake_args': None, 'build_base': '/home/adam/r2_motion/build/sensors', 'catkin_cmake_args': None, 'catkin_skip_building_tests': False, 'cmake_args': None, 'cmake_clean_cache': False, 'cmake_clean_first': False, 'cmake_force_configure': False, 'cmake_target': None, 'cmake_target_skip_unavailable': False, 'gradle_args': None, 'gradle_task': None, 'install_base': '/home/adam/r2_motion/install/sensors', 'merge_install': False, 'path': '/home/adam/r2_motion/src/sensors', 'symlink_install': False, 'test_result_base': None}
[5.630s] Level 5:colcon.colcon_core.verb:set package 'teleop' build argument 'cmake_args' from command line to 'None'
[5.630s] Level 5:colcon.colcon_core.verb:set package 'teleop' build argument 'cmake_target' from command line to 'None'
[5.630s] Level 5:colcon.colcon_core.verb:set package 'teleop' build argument 'cmake_target_skip_unavailable' from command line to 'False'
[5.630s] Level 5:colcon.colcon_core.verb:set package 'teleop' build argument 'cmake_clean_cache' from command line to 'False'
[5.630s] Level 5:colcon.colcon_core.verb:set package 'teleop' build argument 'cmake_clean_first' from command line to 'False'
[5.631s] Level 5:colcon.colcon_core.verb:set package 'teleop' build argument 'cmake_force_configure' from command line to 'False'
[5.631s] Level 5:colcon.colcon_core.verb:set package 'teleop' build argument 'gradle_args' from command line to 'None'
[5.631s] Level 5:colcon.colcon_core.verb:set package 'teleop' build argument 'gradle_task' from command line to 'None'
[5.631s] Level 5:colcon.colcon_core.verb:set package 'teleop' build argument 'ament_cmake_args' from command line to 'None'
[5.631s] Level 5:colcon.colcon_core.verb:set package 'teleop' build argument 'catkin_cmake_args' from command line to 'None'
[5.631s] Level 5:colcon.colcon_core.verb:set package 'teleop' build argument 'catkin_skip_building_tests' from command line to 'False'
[5.632s] DEBUG:colcon.colcon_core.verb:Building package 'teleop' with the following arguments: {'ament_cmake_args': None, 'build_base': '/home/adam/r2_motion/build/teleop', 'catkin_cmake_args': None, 'catkin_skip_building_tests': False, 'cmake_args': None, 'cmake_clean_cache': False, 'cmake_clean_first': False, 'cmake_force_configure': False, 'cmake_target': None, 'cmake_target_skip_unavailable': False, 'gradle_args': None, 'gradle_task': None, 'install_base': '/home/adam/r2_motion/install/teleop', 'merge_install': False, 'path': '/home/adam/r2_motion/src/teleop', 'symlink_install': False, 'test_result_base': None}
[5.632s] INFO:colcon.colcon_core.executor:Executing jobs using 'parallel' executor
[5.636s] DEBUG:colcon.colcon_parallel_executor.executor.parallel:run_until_complete
[5.637s] INFO:colcon.colcon_ros.task.ament_python.build:Building ROS package in '/home/adam/r2_motion/src/bno055' with build type 'ament_python'
[5.638s] Level 1:colcon.colcon_core.shell:create_environment_hook('bno055', 'ament_prefix_path')
[5.695s] INFO:colcon.colcon_core.plugin_system:Skipping extension 'colcon_core.shell.bat': Not used on non-Windows systems
[5.697s] INFO:colcon.colcon_core.shell:Creating environment hook '/home/adam/r2_motion/install/bno055/share/bno055/hook/ament_prefix_path.ps1'
[5.705s] INFO:colcon.colcon_core.shell:Creating environment descriptor '/home/adam/r2_motion/install/bno055/share/bno055/hook/ament_prefix_path.dsv'
[5.708s] INFO:colcon.colcon_core.shell:Creating environment hook '/home/adam/r2_motion/install/bno055/share/bno055/hook/ament_prefix_path.sh'
[5.713s] INFO:colcon.colcon_core.shell:Skip shell extension 'powershell' for command environment: Not usable outside of PowerShell
[5.714s] DEBUG:colcon.colcon_core.shell:Skip shell extension 'dsv' for command environment
[5.747s] INFO:colcon.colcon_ros.task.ament_python.build:Building ROS package in '/home/adam/r2_motion/src/drivetrain' with build type 'ament_python'
[5.747s] Level 1:colcon.colcon_core.shell:create_environment_hook('drivetrain', 'ament_prefix_path')
[5.749s] INFO:colcon.colcon_core.shell:Creating environment hook '/home/adam/r2_motion/install/drivetrain/share/drivetrain/hook/ament_prefix_path.ps1'
[5.753s] INFO:colcon.colcon_core.shell:Creating environment descriptor '/home/adam/r2_motion/install/drivetrain/share/drivetrain/hook/ament_prefix_path.dsv'
[5.758s] INFO:colcon.colcon_core.shell:Creating environment hook '/home/adam/r2_motion/install/drivetrain/share/drivetrain/hook/ament_prefix_path.sh'
[5.762s] INFO:colcon.colcon_core.shell:Skip shell extension 'powershell' for command environment: Not usable outside of PowerShell
[5.762s] DEBUG:colcon.colcon_core.shell:Skip shell extension 'dsv' for command environment
[5.787s] INFO:colcon.colcon_ros.task.ament_python.build:Building ROS package in '/home/adam/r2_motion/src/gps' with build type 'ament_python'
[5.788s] Level 1:colcon.colcon_core.shell:create_environment_hook('gps', 'ament_prefix_path')
[5.789s] INFO:colcon.colcon_core.shell:Creating environment hook '/home/adam/r2_motion/install/gps/share/gps/hook/ament_prefix_path.ps1'
[5.792s] INFO:colcon.colcon_core.shell:Creating environment descriptor '/home/adam/r2_motion/install/gps/share/gps/hook/ament_prefix_path.dsv'
[5.794s] INFO:colcon.colcon_core.shell:Creating environment hook '/home/adam/r2_motion/install/gps/share/gps/hook/ament_prefix_path.sh'
[5.798s] INFO:colcon.colcon_core.shell:Skip shell extension 'powershell' for command environment: Not usable outside of PowerShell
[5.798s] DEBUG:colcon.colcon_core.shell:Skip shell extension 'dsv' for command environment
[5.824s] INFO:colcon.colcon_ros.task.ament_python.build:Building ROS package in '/home/adam/r2_motion/src/head' with build type 'ament_python'
[5.825s] Level 1:colcon.colcon_core.shell:create_environment_hook('head', 'ament_prefix_path')
[5.827s] INFO:colcon.colcon_core.shell:Creating environment hook '/home/adam/r2_motion/install/head/share/head/hook/ament_prefix_path.ps1'
[5.829s] INFO:colcon.colcon_core.shell:Creating environment descriptor '/home/adam/r2_motion/install/head/share/head/hook/ament_prefix_path.dsv'
[5.831s] INFO:colcon.colcon_core.shell:Creating environment hook '/home/adam/r2_motion/install/head/share/head/hook/ament_prefix_path.sh'
[5.835s] INFO:colcon.colcon_core.shell:Skip shell extension 'powershell' for command environment: Not usable outside of PowerShell
[5.836s] DEBUG:colcon.colcon_core.shell:Skip shell extension 'dsv' for command environment
[7.638s] INFO:colcon.colcon_core.task.python.build:Building Python package in '/home/adam/r2_motion/src/bno055'
[7.639s] INFO:colcon.colcon_core.shell:Skip shell extension 'powershell' for command environment: Not usable outside of PowerShell
[7.640s] DEBUG:colcon.colcon_core.shell:Skip shell extension 'dsv' for command environment
[9.372s] INFO:colcon.colcon_core.task.python.build:Building Python package in '/home/adam/r2_motion/src/drivetrain'
[9.374s] INFO:colcon.colcon_core.shell:Skip shell extension 'powershell' for command environment: Not usable outside of PowerShell
[9.374s] DEBUG:colcon.colcon_core.shell:Skip shell extension 'dsv' for command environment
[11.107s] INFO:colcon.colcon_core.task.python.build:Building Python package in '/home/adam/r2_motion/src/gps'
[11.108s] INFO:colcon.colcon_core.shell:Skip shell extension 'powershell' for command environment: Not usable outside of PowerShell
[11.109s] DEBUG:colcon.colcon_core.shell:Skip shell extension 'dsv' for command environment
[12.864s] INFO:colcon.colcon_core.task.python.build:Building Python package in '/home/adam/r2_motion/src/head'
[12.865s] INFO:colcon.colcon_core.shell:Skip shell extension 'powershell' for command environment: Not usable outside of PowerShell
[12.866s] DEBUG:colcon.colcon_core.shell:Skip shell extension 'dsv' for command environment
[16.684s] DEBUG:colcon.colcon_core.event_handler.log_command:Invoking command in '/home/adam/r2_motion/src/gps': PYTHONPATH=/home/adam/r2_motion/build/gps/prefix_override:/home/adam/r2_motion/install/gps/lib/python3.10/site-packages:${PYTHONPATH} /usr/bin/python3 -W ignore:setup.py install is deprecated setup.py egg_info --egg-base ../../build/gps build --build-base /home/adam/r2_motion/build/gps/build install --record /home/adam/r2_motion/build/gps/install.log --single-version-externally-managed install_data
[16.728s] DEBUG:colcon.colcon_core.event_handler.log_command:Invoking command in '/home/adam/r2_motion/src/bno055': PYTHONPATH=/home/adam/r2_motion/build/bno055/prefix_override:/home/adam/r2_motion/install/bno055/lib/python3.10/site-packages:${PYTHONPATH} /usr/bin/python3 -W ignore:setup.py install is deprecated setup.py egg_info --egg-base ../../build/bno055 build --build-base /home/adam/r2_motion/build/bno055/build install --record /home/adam/r2_motion/build/bno055/install.log --single-version-externally-managed install_data
[16.745s] DEBUG:colcon.colcon_core.event_handler.log_command:Invoking command in '/home/adam/r2_motion/src/drivetrain': PYTHONPATH=/home/adam/r2_motion/build/drivetrain/prefix_override:/home/adam/r2_motion/install/drivetrain/lib/python3.10/site-packages:${PYTHONPATH} /usr/bin/python3 -W ignore:setup.py install is deprecated setup.py egg_info --egg-base ../../build/drivetrain build --build-base /home/adam/r2_motion/build/drivetrain/build install --record /home/adam/r2_motion/build/drivetrain/install.log --single-version-externally-managed install_data
[16.821s] DEBUG:colcon.colcon_core.event_handler.log_command:Invoking command in '/home/adam/r2_motion/src/head': PYTHONPATH=/home/adam/r2_motion/build/head/prefix_override:/home/adam/r2_motion/install/head/lib/python3.10/site-packages:${PYTHONPATH} /usr/bin/python3 -W ignore:setup.py install is deprecated setup.py egg_info --egg-base ../../build/head build --build-base /home/adam/r2_motion/build/head/build install --record /home/adam/r2_motion/build/head/install.log --single-version-externally-managed install_data
[19.418s] DEBUG:colcon.colcon_core.event_handler.log_command:Invoked command in '/home/adam/r2_motion/src/bno055' returned '0': PYTHONPATH=/home/adam/r2_motion/build/bno055/prefix_override:/home/adam/r2_motion/install/bno055/lib/python3.10/site-packages:${PYTHONPATH} /usr/bin/python3 -W ignore:setup.py install is deprecated setup.py egg_info --egg-base ../../build/bno055 build --build-base /home/adam/r2_motion/build/bno055/build install --record /home/adam/r2_motion/build/bno055/install.log --single-version-externally-managed install_data
[19.517s] Level 1:colcon.colcon_core.environment:checking '/home/adam/r2_motion/install/bno055' for CMake module files
[19.522s] Level 1:colcon.colcon_core.environment:checking '/home/adam/r2_motion/install/bno055' for CMake config files
[19.535s] Level 1:colcon.colcon_core.environment:checking '/home/adam/r2_motion/install/bno055/lib'
[19.537s] Level 1:colcon.colcon_core.environment:checking '/home/adam/r2_motion/install/bno055/bin'
[19.538s] Level 1:colcon.colcon_core.environment:checking '/home/adam/r2_motion/install/bno055/lib/pkgconfig/bno055.pc'
[19.540s] Level 1:colcon.colcon_core.environment:checking '/home/adam/r2_motion/install/bno055/lib/python3.10/site-packages'
[19.541s] Level 1:colcon.colcon_core.shell:create_environment_hook('bno055', 'pythonpath')
[19.543s] INFO:colcon.colcon_core.shell:Creating environment hook '/home/adam/r2_motion/install/bno055/share/bno055/hook/pythonpath.ps1'
[19.547s] INFO:colcon.colcon_core.shell:Creating environment descriptor '/home/adam/r2_motion/install/bno055/share/bno055/hook/pythonpath.dsv'
[19.551s] INFO:colcon.colcon_core.shell:Creating environment hook '/home/adam/r2_motion/install/bno055/share/bno055/hook/pythonpath.sh'
[19.558s] Level 1:colcon.colcon_core.environment:checking '/home/adam/r2_motion/install/bno055/bin'
[19.559s] Level 1:colcon.colcon_core.environment:create_environment_scripts_only(bno055)
[19.562s] INFO:colcon.colcon_core.shell:Creating package script '/home/adam/r2_motion/install/bno055/share/bno055/package.ps1'
[19.570s] INFO:colcon.colcon_core.shell:Creating package descriptor '/home/adam/r2_motion/install/bno055/share/bno055/package.dsv'
[19.575s] INFO:colcon.colcon_core.shell:Creating package script '/home/adam/r2_motion/install/bno055/share/bno055/package.sh'
[19.581s] INFO:colcon.colcon_core.shell:Creating package script '/home/adam/r2_motion/install/bno055/share/bno055/package.bash'
[19.605s] INFO:colcon.colcon_core.shell:Creating package script '/home/adam/r2_motion/install/bno055/share/bno055/package.zsh'
[19.618s] Level 1:colcon.colcon_core.environment:create_file_with_runtime_dependencies(/home/adam/r2_motion/install/bno055/share/colcon-core/packages/bno055)
[19.623s] INFO:colcon.colcon_ros.task.ament_python.build:Building ROS package in '/home/adam/r2_motion/src/sensors' with build type 'ament_python'
[19.624s] Level 1:colcon.colcon_core.shell:create_environment_hook('sensors', 'ament_prefix_path')
[19.627s] INFO:colcon.colcon_core.shell:Creating environment hook '/home/adam/r2_motion/install/sensors/share/sensors/hook/ament_prefix_path.ps1'
[19.632s] INFO:colcon.colcon_core.shell:Creating environment descriptor '/home/adam/r2_motion/install/sensors/share/sensors/hook/ament_prefix_path.dsv'
[19.636s] INFO:colcon.colcon_core.shell:Creating environment hook '/home/adam/r2_motion/install/sensors/share/sensors/hook/ament_prefix_path.sh'
[19.642s] INFO:colcon.colcon_core.shell:Skip shell extension 'powershell' for command environment: Not usable outside of PowerShell
[19.643s] DEBUG:colcon.colcon_core.shell:Skip shell extension 'dsv' for command environment
[19.684s] Level 1:colcon.colcon_core.environment:checking '/home/adam/r2_motion/install/drivetrain' for CMake module files
[19.689s] DEBUG:colcon.colcon_core.event_handler.log_command:Invoked command in '/home/adam/r2_motion/src/drivetrain' returned '0': PYTHONPATH=/home/adam/r2_motion/build/drivetrain/prefix_override:/home/adam/r2_motion/install/drivetrain/lib/python3.10/site-packages:${PYTHONPATH} /usr/bin/python3 -W ignore:setup.py install is deprecated setup.py egg_info --egg-base ../../build/drivetrain build --build-base /home/adam/r2_motion/build/drivetrain/build install --record /home/adam/r2_motion/build/drivetrain/install.log --single-version-externally-managed install_data
[19.695s] Level 1:colcon.colcon_core.environment:checking '/home/adam/r2_motion/install/drivetrain' for CMake config files
[19.702s] Level 1:colcon.colcon_core.environment:checking '/home/adam/r2_motion/install/drivetrain/lib'
[19.703s] Level 1:colcon.colcon_core.environment:checking '/home/adam/r2_motion/install/drivetrain/bin'
[19.704s] Level 1:colcon.colcon_core.environment:checking '/home/adam/r2_motion/install/drivetrain/lib/pkgconfig/drivetrain.pc'
[19.706s] Level 1:colcon.colcon_core.environment:checking '/home/adam/r2_motion/install/drivetrain/lib/python3.10/site-packages'
[19.707s] Level 1:colcon.colcon_core.shell:create_environment_hook('drivetrain', 'pythonpath')
[19.709s] INFO:colcon.colcon_core.shell:Creating environment hook '/home/adam/r2_motion/install/drivetrain/share/drivetrain/hook/pythonpath.ps1'
[19.712s] INFO:colcon.colcon_core.shell:Creating environment descriptor '/home/adam/r2_motion/install/drivetrain/share/drivetrain/hook/pythonpath.dsv'
[19.715s] INFO:colcon.colcon_core.shell:Creating environment hook '/home/adam/r2_motion/install/drivetrain/share/drivetrain/hook/pythonpath.sh'
[19.719s] Level 1:colcon.colcon_core.environment:checking '/home/adam/r2_motion/install/drivetrain/bin'
[19.720s] Level 1:colcon.colcon_core.environment:create_environment_scripts_only(drivetrain)
[19.722s] INFO:colcon.colcon_core.shell:Creating package script '/home/adam/r2_motion/install/drivetrain/share/drivetrain/package.ps1'
[19.726s] INFO:colcon.colcon_core.shell:Creating package descriptor '/home/adam/r2_motion/install/drivetrain/share/drivetrain/package.dsv'
[19.730s] INFO:colcon.colcon_core.shell:Creating package script '/home/adam/r2_motion/install/drivetrain/share/drivetrain/package.sh'
[19.733s] INFO:colcon.colcon_core.shell:Creating package script '/home/adam/r2_motion/install/drivetrain/share/drivetrain/package.bash'
[19.737s] INFO:colcon.colcon_core.shell:Creating package script '/home/adam/r2_motion/install/drivetrain/share/drivetrain/package.zsh'
[19.739s] Level 1:colcon.colcon_core.environment:create_file_with_runtime_dependencies(/home/adam/r2_motion/install/drivetrain/share/colcon-core/packages/drivetrain)
[19.743s] Level 1:colcon.colcon_core.environment:checking '/home/adam/r2_motion/install/gps' for CMake module files
[19.747s] DEBUG:colcon.colcon_core.event_handler.log_command:Invoked command in '/home/adam/r2_motion/src/gps' returned '0': PYTHONPATH=/home/adam/r2_motion/build/gps/prefix_override:/home/adam/r2_motion/install/gps/lib/python3.10/site-packages:${PYTHONPATH} /usr/bin/python3 -W ignore:setup.py install is deprecated setup.py egg_info --egg-base ../../build/gps build --build-base /home/adam/r2_motion/build/gps/build install --record /home/adam/r2_motion/build/gps/install.log --single-version-externally-managed install_data
[19.748s] Level 1:colcon.colcon_core.environment:checking '/home/adam/r2_motion/install/gps' for CMake config files
[19.752s] Level 1:colcon.colcon_core.environment:checking '/home/adam/r2_motion/install/gps/lib'
[19.753s] Level 1:colcon.colcon_core.environment:checking '/home/adam/r2_motion/install/gps/bin'
[19.753s] Level 1:colcon.colcon_core.environment:checking '/home/adam/r2_motion/install/gps/lib/pkgconfig/gps.pc'
[19.755s] Level 1:colcon.colcon_core.environment:checking '/home/adam/r2_motion/install/gps/lib/python3.10/site-packages'
[19.755s] Level 1:colcon.colcon_core.shell:create_environment_hook('gps', 'pythonpath')
[19.756s] INFO:colcon.colcon_core.shell:Creating environment hook '/home/adam/r2_motion/install/gps/share/gps/hook/pythonpath.ps1'
[19.759s] INFO:colcon.colcon_core.shell:Creating environment descriptor '/home/adam/r2_motion/install/gps/share/gps/hook/pythonpath.dsv'
[19.761s] INFO:colcon.colcon_core.shell:Creating environment hook '/home/adam/r2_motion/install/gps/share/gps/hook/pythonpath.sh'
[19.764s] Level 1:colcon.colcon_core.environment:checking '/home/adam/r2_motion/install/gps/bin'
[19.764s] Level 1:colcon.colcon_core.environment:create_environment_scripts_only(gps)
[19.766s] INFO:colcon.colcon_core.shell:Creating package script '/home/adam/r2_motion/install/gps/share/gps/package.ps1'
[19.768s] INFO:colcon.colcon_core.shell:Creating package descriptor '/home/adam/r2_motion/install/gps/share/gps/package.dsv'
[19.771s] INFO:colcon.colcon_core.shell:Creating package script '/home/adam/r2_motion/install/gps/share/gps/package.sh'
[19.774s] INFO:colcon.colcon_core.shell:Creating package script '/home/adam/r2_motion/install/gps/share/gps/package.bash'
[19.776s] INFO:colcon.colcon_core.shell:Creating package script '/home/adam/r2_motion/install/gps/share/gps/package.zsh'
[19.778s] Level 1:colcon.colcon_core.environment:create_file_with_runtime_dependencies(/home/adam/r2_motion/install/gps/share/colcon-core/packages/gps)
[19.781s] INFO:colcon.colcon_ros.task.ament_python.build:Building ROS package in '/home/adam/r2_motion/src/teleop' with build type 'ament_python'
[19.781s] Level 1:colcon.colcon_core.shell:create_environment_hook('teleop', 'ament_prefix_path')
[19.783s] INFO:colcon.colcon_core.shell:Creating environment hook '/home/adam/r2_motion/install/teleop/share/teleop/hook/ament_prefix_path.ps1'
[19.786s] INFO:colcon.colcon_core.shell:Creating environment descriptor '/home/adam/r2_motion/install/teleop/share/teleop/hook/ament_prefix_path.dsv'
[19.788s] INFO:colcon.colcon_core.shell:Creating environment hook '/home/adam/r2_motion/install/teleop/share/teleop/hook/ament_prefix_path.sh'
[19.791s] INFO:colcon.colcon_core.shell:Skip shell extension 'powershell' for command environment: Not usable outside of PowerShell
[19.791s] DEBUG:colcon.colcon_core.shell:Skip shell extension 'dsv' for command environment
[21.505s] INFO:colcon.colcon_core.task.python.build:Building Python package in '/home/adam/r2_motion/src/sensors'
[21.506s] INFO:colcon.colcon_core.shell:Skip shell extension 'powershell' for command environment: Not usable outside of PowerShell
[21.507s] DEBUG:colcon.colcon_core.shell:Skip shell extension 'dsv' for command environment
[21.538s] Level 1:colcon.colcon_core.environment:checking '/home/adam/r2_motion/install/head' for CMake module files
[21.541s] DEBUG:colcon.colcon_core.event_handler.log_command:Invoked command in '/home/adam/r2_motion/src/head' returned '0': PYTHONPATH=/home/adam/r2_motion/build/head/prefix_override:/home/adam/r2_motion/install/head/lib/python3.10/site-packages:${PYTHONPATH} /usr/bin/python3 -W ignore:setup.py install is deprecated setup.py egg_info --egg-base ../../build/head build --build-base /home/adam/r2_motion/build/head/build install --record /home/adam/r2_motion/build/head/install.log --single-version-externally-managed install_data
[21.543s] Level 1:colcon.colcon_core.environment:checking '/home/adam/r2_motion/install/head' for CMake config files
[21.548s] Level 1:colcon.colcon_core.environment:checking '/home/adam/r2_motion/install/head/lib'
[21.548s] Level 1:colcon.colcon_core.environment:checking '/home/adam/r2_motion/install/head/bin'
[21.548s] Level 1:colcon.colcon_core.environment:checking '/home/adam/r2_motion/install/head/lib/pkgconfig/head.pc'
[21.549s] Level 1:colcon.colcon_core.environment:checking '/home/adam/r2_motion/install/head/lib/python3.10/site-packages'
[21.550s] Level 1:colcon.colcon_core.shell:create_environment_hook('head', 'pythonpath')
[21.551s] INFO:colcon.colcon_core.shell:Creating environment hook '/home/adam/r2_motion/install/head/share/head/hook/pythonpath.ps1'
[21.553s] INFO:colcon.colcon_core.shell:Creating environment descriptor '/home/adam/r2_motion/install/head/share/head/hook/pythonpath.dsv'
[21.555s] INFO:colcon.colcon_core.shell:Creating environment hook '/home/adam/r2_motion/install/head/share/head/hook/pythonpath.sh'
[21.557s] Level 1:colcon.colcon_core.environment:checking '/home/adam/r2_motion/install/head/bin'
[21.558s] Level 1:colcon.colcon_core.environment:create_environment_scripts_only(head)
[21.559s] INFO:colcon.colcon_core.shell:Creating package script '/home/adam/r2_motion/install/head/share/head/package.ps1'
[21.562s] INFO:colcon.colcon_core.shell:Creating package descriptor '/home/adam/r2_motion/install/head/share/head/package.dsv'
[21.564s] INFO:colcon.colcon_core.shell:Creating package script '/home/adam/r2_motion/install/head/share/head/package.sh'
[21.567s] INFO:colcon.colcon_core.shell:Creating package script '/home/adam/r2_motion/install/head/share/head/package.bash'
[21.568s] INFO:colcon.colcon_core.shell:Creating package script '/home/adam/r2_motion/install/head/share/head/package.zsh'
[21.570s] Level 1:colcon.colcon_core.environment:create_file_with_runtime_dependencies(/home/adam/r2_motion/install/head/share/colcon-core/packages/head)
[23.300s] INFO:colcon.colcon_core.task.python.build:Building Python package in '/home/adam/r2_motion/src/teleop'
[23.301s] INFO:colcon.colcon_core.shell:Skip shell extension 'powershell' for command environment: Not usable outside of PowerShell
[23.302s] DEBUG:colcon.colcon_core.shell:Skip shell extension 'dsv' for command environment
[25.630s] DEBUG:colcon.colcon_core.event_handler.log_command:Invoking command in '/home/adam/r2_motion/src/teleop': PYTHONPATH=/home/adam/r2_motion/build/teleop/prefix_override:/home/adam/r2_motion/install/teleop/lib/python3.10/site-packages:${PYTHONPATH} /usr/bin/python3 -W ignore:setup.py install is deprecated setup.py egg_info --egg-base ../../build/teleop build --build-base /home/adam/r2_motion/build/teleop/build install --record /home/adam/r2_motion/build/teleop/install.log --single-version-externally-managed install_data
[25.652s] DEBUG:colcon.colcon_core.event_handler.log_command:Invoking command in '/home/adam/r2_motion/src/sensors': PYTHONPATH=/home/adam/r2_motion/build/sensors/prefix_override:/home/adam/r2_motion/install/sensors/lib/python3.10/site-packages:${PYTHONPATH} /usr/bin/python3 -W ignore:setup.py install is deprecated setup.py egg_info --egg-base ../../build/sensors build --build-base /home/adam/r2_motion/build/sensors/build install --record /home/adam/r2_motion/build/sensors/install.log --single-version-externally-managed install_data
[27.710s] Level 1:colcon.colcon_core.environment:checking '/home/adam/r2_motion/install/teleop' for CMake module files
[27.715s] Level 1:colcon.colcon_core.environment:checking '/home/adam/r2_motion/install/teleop' for CMake config files
[27.719s] Level 1:colcon.colcon_core.environment:checking '/home/adam/r2_motion/install/teleop/lib'
[27.720s] Level 1:colcon.colcon_core.environment:checking '/home/adam/r2_motion/install/teleop/bin'
[27.721s] Level 1:colcon.colcon_core.environment:checking '/home/adam/r2_motion/install/teleop/lib/pkgconfig/teleop.pc'
[27.722s] Level 1:colcon.colcon_core.environment:checking '/home/adam/r2_motion/install/teleop/lib/python3.10/site-packages'
[27.724s] DEBUG:colcon.colcon_core.event_handler.log_command:Invoked command in '/home/adam/r2_motion/src/teleop' returned '0': PYTHONPATH=/home/adam/r2_motion/build/teleop/prefix_override:/home/adam/r2_motion/install/teleop/lib/python3.10/site-packages:${PYTHONPATH} /usr/bin/python3 -W ignore:setup.py install is deprecated setup.py egg_info --egg-base ../../build/teleop build --build-base /home/adam/r2_motion/build/teleop/build install --record /home/adam/r2_motion/build/teleop/install.log --single-version-externally-managed install_data
[27.724s] Level 1:colcon.colcon_core.shell:create_environment_hook('teleop', 'pythonpath')
[27.726s] INFO:colcon.colcon_core.shell:Creating environment hook '/home/adam/r2_motion/install/teleop/share/teleop/hook/pythonpath.ps1'
[27.730s] INFO:colcon.colcon_core.shell:Creating environment descriptor '/home/adam/r2_motion/install/teleop/share/teleop/hook/pythonpath.dsv'
[27.733s] INFO:colcon.colcon_core.shell:Creating environment hook '/home/adam/r2_motion/install/teleop/share/teleop/hook/pythonpath.sh'
[27.736s] Level 1:colcon.colcon_core.environment:checking '/home/adam/r2_motion/install/teleop/bin'
[27.736s] Level 1:colcon.colcon_core.environment:create_environment_scripts_only(teleop)
[27.738s] INFO:colcon.colcon_core.shell:Creating package script '/home/adam/r2_motion/install/teleop/share/teleop/package.ps1'
[27.741s] INFO:colcon.colcon_core.shell:Creating package descriptor '/home/adam/r2_motion/install/teleop/share/teleop/package.dsv'
[27.743s] INFO:colcon.colcon_core.shell:Creating package script '/home/adam/r2_motion/install/teleop/share/teleop/package.sh'
[27.745s] INFO:colcon.colcon_core.shell:Creating package script '/home/adam/r2_motion/install/teleop/share/teleop/package.bash'
[27.746s] INFO:colcon.colcon_core.shell:Creating package script '/home/adam/r2_motion/install/teleop/share/teleop/package.zsh'
[27.748s] Level 1:colcon.colcon_core.environment:create_file_with_runtime_dependencies(/home/adam/r2_motion/install/teleop/share/colcon-core/packages/teleop)
[27.752s] Level 1:colcon.colcon_core.environment:checking '/home/adam/r2_motion/install/sensors' for CMake module files
[27.755s] DEBUG:colcon.colcon_core.event_handler.log_command:Invoked command in '/home/adam/r2_motion/src/sensors' returned '0': PYTHONPATH=/home/adam/r2_motion/build/sensors/prefix_override:/home/adam/r2_motion/install/sensors/lib/python3.10/site-packages:${PYTHONPATH} /usr/bin/python3 -W ignore:setup.py install is deprecated setup.py egg_info --egg-base ../../build/sensors build --build-base /home/adam/r2_motion/build/sensors/build install --record /home/adam/r2_motion/build/sensors/install.log --single-version-externally-managed install_data
[27.758s] Level 1:colcon.colcon_core.environment:checking '/home/adam/r2_motion/install/sensors' for CMake config files
[27.762s] Level 1:colcon.colcon_core.environment:checking '/home/adam/r2_motion/install/sensors/lib'
[27.763s] Level 1:colcon.colcon_core.environment:checking '/home/adam/r2_motion/install/sensors/bin'
[27.763s] Level 1:colcon.colcon_core.environment:checking '/home/adam/r2_motion/install/sensors/lib/pkgconfig/sensors.pc'
[27.764s] Level 1:colcon.colcon_core.environment:checking '/home/adam/r2_motion/install/sensors/lib/python3.10/site-packages'
[27.765s] Level 1:colcon.colcon_core.shell:create_environment_hook('sensors', 'pythonpath')
[27.766s] INFO:colcon.colcon_core.shell:Creating environment hook '/home/adam/r2_motion/install/sensors/share/sensors/hook/pythonpath.ps1'
[27.768s] INFO:colcon.colcon_core.shell:Creating environment descriptor '/home/adam/r2_motion/install/sensors/share/sensors/hook/pythonpath.dsv'
[27.770s] INFO:colcon.colcon_core.shell:Creating environment hook '/home/adam/r2_motion/install/sensors/share/sensors/hook/pythonpath.sh'
[27.773s] Level 1:colcon.colcon_core.environment:checking '/home/adam/r2_motion/install/sensors/bin'
[27.773s] Level 1:colcon.colcon_core.environment:create_environment_scripts_only(sensors)
[27.775s] INFO:colcon.colcon_core.shell:Creating package script '/home/adam/r2_motion/install/sensors/share/sensors/package.ps1'
[27.778s] INFO:colcon.colcon_core.shell:Creating package descriptor '/home/adam/r2_motion/install/sensors/share/sensors/package.dsv'
[27.781s] INFO:colcon.colcon_core.shell:Creating package script '/home/adam/r2_motion/install/sensors/share/sensors/package.sh'
[27.783s] INFO:colcon.colcon_core.shell:Creating package script '/home/adam/r2_motion/install/sensors/share/sensors/package.bash'
[27.785s] INFO:colcon.colcon_core.shell:Creating package script '/home/adam/r2_motion/install/sensors/share/sensors/package.zsh'
[27.787s] Level 1:colcon.colcon_core.environment:create_file_with_runtime_dependencies(/home/adam/r2_motion/install/sensors/share/colcon-core/packages/sensors)
[27.789s] DEBUG:colcon.colcon_parallel_executor.executor.parallel:closing loop
[27.790s] DEBUG:colcon.colcon_parallel_executor.executor.parallel:loop closed
[27.791s] DEBUG:colcon.colcon_parallel_executor.executor.parallel:run_until_complete finished with '0'
[27.791s] DEBUG:colcon.colcon_core.event_reactor:joining thread
[27.834s] INFO:colcon.colcon_core.plugin_system:Skipping extension 'colcon_notification.desktop_notification.terminal_notifier': Not used on non-Darwin systems
[27.835s] INFO:colcon.colcon_core.plugin_system:Skipping extension 'colcon_notification.desktop_notification.win32': Not used on non-Windows systems
[27.835s] INFO:colcon.colcon_notification.desktop_notification:Sending desktop notification using 'notify2'
[27.841s] DEBUG:colcon.colcon_notification.desktop_notification.notify2:Failed to initialize notify2: org.freedesktop.DBus.Error.ServiceUnknown: The name org.freedesktop.Notifications was not provided by any .service files
[27.841s] DEBUG:colcon.colcon_core.event_reactor:joined thread
[27.843s] INFO:colcon.colcon_core.shell:Creating prefix script '/home/adam/r2_motion/install/local_setup.ps1'
[27.855s] INFO:colcon.colcon_core.shell:Creating prefix util module '/home/adam/r2_motion/install/_local_setup_util_ps1.py'
[27.870s] INFO:colcon.colcon_core.shell:Creating prefix chain script '/home/adam/r2_motion/install/setup.ps1'
[27.884s] INFO:colcon.colcon_core.shell:Creating prefix script '/home/adam/r2_motion/install/local_setup.sh'
[27.888s] INFO:colcon.colcon_core.shell:Creating prefix util module '/home/adam/r2_motion/install/_local_setup_util_sh.py'
[27.892s] INFO:colcon.colcon_core.shell:Creating prefix chain script '/home/adam/r2_motion/install/setup.sh'
[27.904s] INFO:colcon.colcon_core.shell:Creating prefix script '/home/adam/r2_motion/install/local_setup.bash'
[27.923s] INFO:colcon.colcon_core.shell:Creating prefix chain script '/home/adam/r2_motion/install/setup.bash'
[27.942s] INFO:colcon.colcon_core.shell:Creating prefix script '/home/adam/r2_motion/install/local_setup.zsh'
[27.953s] INFO:colcon.colcon_core.shell:Creating prefix chain script '/home/adam/r2_motion/install/setup.zsh'
