[2.183s] DEBUG:colcon:Command line arguments: ['/home/adam/.local/bin/colcon', 'build', '--packages-select', 'head']
[2.183s] DEBUG:colcon:Parsed command line arguments: Namespace(log_base=None, log_level=None, verb_name='build', build_base='build', install_base='install', merge_install=False, symlink_install=False, test_result_base=None, continue_on_error=False, executor='parallel', parallel_workers=4, event_handlers=None, ignore_user_meta=False, metas=['./colcon.meta'], base_paths=['.'], packages_ignore=None, packages_ignore_regex=None, paths=None, packages_up_to=None, packages_up_to_regex=None, packages_above=None, packages_above_and_dependencies=None, packages_above_depth=None, packages_select_by_dep=None, packages_skip_by_dep=None, packages_skip_up_to=None, packages_select_build_failed=False, packages_skip_build_finished=False, packages_select_test_failures=False, packages_skip_test_passed=False, packages_select=['head'], packages_skip=None, packages_select_regex=None, packages_skip_regex=None, packages_start=None, packages_end=None, allow_overriding=[], cmake_args=None, cmake_target=None, cmake_target_skip_unavailable=False, cmake_clean_cache=False, cmake_clean_first=False, cmake_force_configure=False, gradle_args=None, gradle_task=None, ament_cmake_args=None, catkin_cmake_args=None, catkin_skip_building_tests=False, mixin_files=None, mixin=None, verb_parser=<colcon_mixin.mixin.mixin_argument.MixinArgumentDecorator object at 0xffffb254ac80>, verb_extension=<colcon_core.verb.build.BuildVerb object at 0xffffb254a2f0>, main=<bound method BuildVerb.main of <colcon_core.verb.build.BuildVerb object at 0xffffb254a2f0>>, mixin_verb=('build',))
[3.653s] Level 1:colcon.colcon_core.package_discovery:discover_packages(colcon_meta) check parameters
[3.654s] Level 1:colcon.colcon_core.package_discovery:discover_packages(recursive) check parameters
[3.654s] Level 1:colcon.colcon_core.package_discovery:discover_packages(ignore) check parameters
[3.654s] Level 1:colcon.colcon_core.package_discovery:discover_packages(path) check parameters
[3.655s] Level 1:colcon.colcon_core.package_discovery:discover_packages(colcon_meta) discover
[3.655s] Level 1:colcon.colcon_core.package_discovery:discover_packages(recursive) discover
[3.655s] INFO:colcon.colcon_core.package_discovery:Crawling recursively for packages in '/home/adam/r2_motion'
[3.656s] Level 1:colcon.colcon_core.package_identification:_identify(.) by extensions ['ignore', 'ignore_ament_install']
[3.657s] Level 1:colcon.colcon_core.package_identification:_identify(.) by extension 'ignore'
[3.657s] Level 1:colcon.colcon_core.package_identification:_identify(.) by extension 'ignore_ament_install'
[3.657s] Level 1:colcon.colcon_core.package_identification:_identify(.) by extensions ['colcon_pkg']
[3.658s] Level 1:colcon.colcon_core.package_identification:_identify(.) by extension 'colcon_pkg'
[3.658s] Level 1:colcon.colcon_core.package_identification:_identify(.) by extensions ['colcon_meta']
[3.658s] Level 1:colcon.colcon_core.package_identification:_identify(.) by extension 'colcon_meta'
[3.658s] Level 1:colcon.colcon_core.package_identification:_identify(.) by extensions ['ros']
[3.659s] Level 1:colcon.colcon_core.package_identification:_identify(.) by extension 'ros'
[3.909s] Level 1:colcon.colcon_core.package_identification:_identify(.) by extensions ['cmake', 'gradle', 'python']
[3.910s] Level 1:colcon.colcon_core.package_identification:_identify(.) by extension 'cmake'
[3.910s] Level 1:colcon.colcon_core.package_identification:_identify(.) by extension 'gradle'
[3.910s] Level 1:colcon.colcon_core.package_identification:_identify(.) by extension 'python'
[3.910s] Level 1:colcon.colcon_core.package_identification:_identify(.) by extensions ['python_setup_py']
[3.910s] Level 1:colcon.colcon_core.package_identification:_identify(.) by extension 'python_setup_py'
[3.911s] Level 1:colcon.colcon_core.package_identification:_identify(build) by extensions ['ignore', 'ignore_ament_install']
[3.911s] Level 1:colcon.colcon_core.package_identification:_identify(build) by extension 'ignore'
[3.912s] Level 1:colcon.colcon_core.package_identification:_identify(build) ignored
[3.913s] Level 1:colcon.colcon_core.package_identification:_identify(install) by extensions ['ignore', 'ignore_ament_install']
[3.913s] Level 1:colcon.colcon_core.package_identification:_identify(install) by extension 'ignore'
[3.913s] Level 1:colcon.colcon_core.package_identification:_identify(install) ignored
[3.914s] Level 1:colcon.colcon_core.package_identification:_identify(log) by extensions ['ignore', 'ignore_ament_install']
[3.915s] Level 1:colcon.colcon_core.package_identification:_identify(log) by extension 'ignore'
[3.915s] Level 1:colcon.colcon_core.package_identification:_identify(log) ignored
[3.915s] Level 1:colcon.colcon_core.package_identification:_identify(src) by extensions ['ignore', 'ignore_ament_install']
[3.916s] Level 1:colcon.colcon_core.package_identification:_identify(src) by extension 'ignore'
[3.916s] Level 1:colcon.colcon_core.package_identification:_identify(src) by extension 'ignore_ament_install'
[3.916s] Level 1:colcon.colcon_core.package_identification:_identify(src) by extensions ['colcon_pkg']
[3.916s] Level 1:colcon.colcon_core.package_identification:_identify(src) by extension 'colcon_pkg'
[3.916s] Level 1:colcon.colcon_core.package_identification:_identify(src) by extensions ['colcon_meta']
[3.917s] Level 1:colcon.colcon_core.package_identification:_identify(src) by extension 'colcon_meta'
[3.917s] Level 1:colcon.colcon_core.package_identification:_identify(src) by extensions ['ros']
[3.917s] Level 1:colcon.colcon_core.package_identification:_identify(src) by extension 'ros'
[3.917s] Level 1:colcon.colcon_core.package_identification:_identify(src) by extensions ['cmake', 'gradle', 'python']
[3.918s] Level 1:colcon.colcon_core.package_identification:_identify(src) by extension 'cmake'
[3.918s] Level 1:colcon.colcon_core.package_identification:_identify(src) by extension 'gradle'
[3.918s] Level 1:colcon.colcon_core.package_identification:_identify(src) by extension 'python'
[3.918s] Level 1:colcon.colcon_core.package_identification:_identify(src) by extensions ['python_setup_py']
[3.918s] Level 1:colcon.colcon_core.package_identification:_identify(src) by extension 'python_setup_py'
[3.925s] Level 1:colcon.colcon_core.package_identification:_identify(src/bno055) by extensions ['ignore', 'ignore_ament_install']
[3.925s] Level 1:colcon.colcon_core.package_identification:_identify(src/bno055) by extension 'ignore'
[3.926s] Level 1:colcon.colcon_core.package_identification:_identify(src/bno055) by extension 'ignore_ament_install'
[3.926s] Level 1:colcon.colcon_core.package_identification:_identify(src/bno055) by extensions ['colcon_pkg']
[3.926s] Level 1:colcon.colcon_core.package_identification:_identify(src/bno055) by extension 'colcon_pkg'
[3.926s] Level 1:colcon.colcon_core.package_identification:_identify(src/bno055) by extensions ['colcon_meta']
[3.926s] Level 1:colcon.colcon_core.package_identification:_identify(src/bno055) by extension 'colcon_meta'
[3.927s] Level 1:colcon.colcon_core.package_identification:_identify(src/bno055) by extensions ['ros']
[3.927s] Level 1:colcon.colcon_core.package_identification:_identify(src/bno055) by extension 'ros'
[3.969s] DEBUG:colcon.colcon_core.package_identification:Package 'src/bno055' with type 'ros.ament_python' and name 'bno055'
[3.976s] Level 1:colcon.colcon_core.package_identification:_identify(src/drivetrain) by extensions ['ignore', 'ignore_ament_install']
[3.977s] Level 1:colcon.colcon_core.package_identification:_identify(src/drivetrain) by extension 'ignore'
[3.977s] Level 1:colcon.colcon_core.package_identification:_identify(src/drivetrain) by extension 'ignore_ament_install'
[3.978s] Level 1:colcon.colcon_core.package_identification:_identify(src/drivetrain) by extensions ['colcon_pkg']
[3.978s] Level 1:colcon.colcon_core.package_identification:_identify(src/drivetrain) by extension 'colcon_pkg'
[3.978s] Level 1:colcon.colcon_core.package_identification:_identify(src/drivetrain) by extensions ['colcon_meta']
[3.978s] Level 1:colcon.colcon_core.package_identification:_identify(src/drivetrain) by extension 'colcon_meta'
[3.979s] Level 1:colcon.colcon_core.package_identification:_identify(src/drivetrain) by extensions ['ros']
[3.979s] Level 1:colcon.colcon_core.package_identification:_identify(src/drivetrain) by extension 'ros'
[3.982s] DEBUG:colcon.colcon_core.package_identification:Package 'src/drivetrain' with type 'ros.ament_python' and name 'drivetrain'
[3.984s] Level 1:colcon.colcon_core.package_identification:_identify(src/gps) by extensions ['ignore', 'ignore_ament_install']
[3.985s] Level 1:colcon.colcon_core.package_identification:_identify(src/gps) by extension 'ignore'
[3.985s] Level 1:colcon.colcon_core.package_identification:_identify(src/gps) by extension 'ignore_ament_install'
[3.985s] Level 1:colcon.colcon_core.package_identification:_identify(src/gps) by extensions ['colcon_pkg']
[3.985s] Level 1:colcon.colcon_core.package_identification:_identify(src/gps) by extension 'colcon_pkg'
[3.986s] Level 1:colcon.colcon_core.package_identification:_identify(src/gps) by extensions ['colcon_meta']
[3.986s] Level 1:colcon.colcon_core.package_identification:_identify(src/gps) by extension 'colcon_meta'
[3.986s] Level 1:colcon.colcon_core.package_identification:_identify(src/gps) by extensions ['ros']
[3.986s] Level 1:colcon.colcon_core.package_identification:_identify(src/gps) by extension 'ros'
[3.990s] DEBUG:colcon.colcon_core.package_identification:Package 'src/gps' with type 'ros.ament_python' and name 'gps'
[3.991s] Level 1:colcon.colcon_core.package_identification:_identify(src/head) by extensions ['ignore', 'ignore_ament_install']
[3.991s] Level 1:colcon.colcon_core.package_identification:_identify(src/head) by extension 'ignore'
[3.991s] Level 1:colcon.colcon_core.package_identification:_identify(src/head) by extension 'ignore_ament_install'
[3.991s] Level 1:colcon.colcon_core.package_identification:_identify(src/head) by extensions ['colcon_pkg']
[3.992s] Level 1:colcon.colcon_core.package_identification:_identify(src/head) by extension 'colcon_pkg'
[3.992s] Level 1:colcon.colcon_core.package_identification:_identify(src/head) by extensions ['colcon_meta']
[3.992s] Level 1:colcon.colcon_core.package_identification:_identify(src/head) by extension 'colcon_meta'
[3.992s] Level 1:colcon.colcon_core.package_identification:_identify(src/head) by extensions ['ros']
[3.993s] Level 1:colcon.colcon_core.package_identification:_identify(src/head) by extension 'ros'
[3.995s] DEBUG:colcon.colcon_core.package_identification:Package 'src/head' with type 'ros.ament_python' and name 'head'
[3.997s] Level 1:colcon.colcon_core.package_identification:_identify(src/sensors) by extensions ['ignore', 'ignore_ament_install']
[3.997s] Level 1:colcon.colcon_core.package_identification:_identify(src/sensors) by extension 'ignore'
[3.997s] Level 1:colcon.colcon_core.package_identification:_identify(src/sensors) by extension 'ignore_ament_install'
[3.998s] Level 1:colcon.colcon_core.package_identification:_identify(src/sensors) by extensions ['colcon_pkg']
[3.998s] Level 1:colcon.colcon_core.package_identification:_identify(src/sensors) by extension 'colcon_pkg'
[3.998s] Level 1:colcon.colcon_core.package_identification:_identify(src/sensors) by extensions ['colcon_meta']
[3.998s] Level 1:colcon.colcon_core.package_identification:_identify(src/sensors) by extension 'colcon_meta'
[3.999s] Level 1:colcon.colcon_core.package_identification:_identify(src/sensors) by extensions ['ros']
[3.999s] Level 1:colcon.colcon_core.package_identification:_identify(src/sensors) by extension 'ros'
[4.006s] DEBUG:colcon.colcon_core.package_identification:Package 'src/sensors' with type 'ros.ament_python' and name 'sensors'
[4.006s] Level 1:colcon.colcon_core.package_discovery:discover_packages(recursive) using defaults
[4.007s] Level 1:colcon.colcon_core.package_discovery:discover_packages(ignore) discover
[4.007s] Level 1:colcon.colcon_core.package_discovery:discover_packages(ignore) using defaults
[4.007s] Level 1:colcon.colcon_core.package_discovery:discover_packages(path) discover
[4.007s] Level 1:colcon.colcon_core.package_discovery:discover_packages(path) using defaults
[4.233s] INFO:colcon.colcon_core.package_selection:Skipping not selected package 'bno055' in 'src/bno055'
[4.233s] INFO:colcon.colcon_core.package_selection:Skipping not selected package 'drivetrain' in 'src/drivetrain'
[4.234s] INFO:colcon.colcon_core.package_selection:Skipping not selected package 'gps' in 'src/gps'
[4.234s] INFO:colcon.colcon_core.package_selection:Skipping not selected package 'sensors' in 'src/sensors'
[4.237s] Level 1:colcon.colcon_core.package_discovery:discover_packages(prefix_path) check parameters
[4.237s] Level 1:colcon.colcon_core.package_discovery:discover_packages(prefix_path) discover
[4.271s] DEBUG:colcon.colcon_installed_package_information.package_discovery:Found 5 installed packages in /home/adam/scout/install
[4.275s] DEBUG:colcon.colcon_installed_package_information.package_discovery:Found 6 installed packages in /home/adam/fastdds_testing/fastdds_python_ws/install
[4.287s] DEBUG:colcon.colcon_installed_package_information.package_discovery:Found 285 installed packages in /opt/ros/humble
[4.296s] Level 1:colcon.colcon_core.package_discovery:discover_packages(prefix_path) using defaults
[4.555s] Level 5:colcon.colcon_core.verb:set package 'head' build argument 'cmake_args' from command line to 'None'
[4.555s] Level 5:colcon.colcon_core.verb:set package 'head' build argument 'cmake_target' from command line to 'None'
[4.555s] Level 5:colcon.colcon_core.verb:set package 'head' build argument 'cmake_target_skip_unavailable' from command line to 'False'
[4.555s] Level 5:colcon.colcon_core.verb:set package 'head' build argument 'cmake_clean_cache' from command line to 'False'
[4.556s] Level 5:colcon.colcon_core.verb:set package 'head' build argument 'cmake_clean_first' from command line to 'False'
[4.556s] Level 5:colcon.colcon_core.verb:set package 'head' build argument 'cmake_force_configure' from command line to 'False'
[4.556s] Level 5:colcon.colcon_core.verb:set package 'head' build argument 'gradle_args' from command line to 'None'
[4.556s] Level 5:colcon.colcon_core.verb:set package 'head' build argument 'gradle_task' from command line to 'None'
[4.556s] Level 5:colcon.colcon_core.verb:set package 'head' build argument 'ament_cmake_args' from command line to 'None'
[4.556s] Level 5:colcon.colcon_core.verb:set package 'head' build argument 'catkin_cmake_args' from command line to 'None'
[4.556s] Level 5:colcon.colcon_core.verb:set package 'head' build argument 'catkin_skip_building_tests' from command line to 'False'
[4.557s] DEBUG:colcon.colcon_core.verb:Building package 'head' with the following arguments: {'ament_cmake_args': None, 'build_base': '/home/adam/r2_motion/build/head', 'catkin_cmake_args': None, 'catkin_skip_building_tests': False, 'cmake_args': None, 'cmake_clean_cache': False, 'cmake_clean_first': False, 'cmake_force_configure': False, 'cmake_target': None, 'cmake_target_skip_unavailable': False, 'gradle_args': None, 'gradle_task': None, 'install_base': '/home/adam/r2_motion/install/head', 'merge_install': False, 'path': '/home/adam/r2_motion/src/head', 'symlink_install': False, 'test_result_base': None}
[4.557s] INFO:colcon.colcon_core.executor:Executing jobs using 'parallel' executor
[4.561s] DEBUG:colcon.colcon_parallel_executor.executor.parallel:run_until_complete
[4.561s] INFO:colcon.colcon_ros.task.ament_python.build:Building ROS package in '/home/adam/r2_motion/src/head' with build type 'ament_python'
[4.562s] Level 1:colcon.colcon_core.shell:create_environment_hook('head', 'ament_prefix_path')
[4.620s] INFO:colcon.colcon_core.plugin_system:Skipping extension 'colcon_core.shell.bat': Not used on non-Windows systems
[4.621s] INFO:colcon.colcon_core.shell:Creating environment hook '/home/adam/r2_motion/install/head/share/head/hook/ament_prefix_path.ps1'
[4.630s] INFO:colcon.colcon_core.shell:Creating environment descriptor '/home/adam/r2_motion/install/head/share/head/hook/ament_prefix_path.dsv'
[4.633s] INFO:colcon.colcon_core.shell:Creating environment hook '/home/adam/r2_motion/install/head/share/head/hook/ament_prefix_path.sh'
[4.638s] INFO:colcon.colcon_core.shell:Skip shell extension 'powershell' for command environment: Not usable outside of PowerShell
[4.638s] DEBUG:colcon.colcon_core.shell:Skip shell extension 'dsv' for command environment
[6.419s] INFO:colcon.colcon_core.task.python.build:Building Python package in '/home/adam/r2_motion/src/head'
[6.420s] INFO:colcon.colcon_core.shell:Skip shell extension 'powershell' for command environment: Not usable outside of PowerShell
[6.421s] DEBUG:colcon.colcon_core.shell:Skip shell extension 'dsv' for command environment
[9.100s] DEBUG:colcon.colcon_core.event_handler.log_command:Invoking command in '/home/adam/r2_motion/src/head': PYTHONPATH=/home/adam/r2_motion/build/head/prefix_override:/home/adam/r2_motion/install/head/lib/python3.10/site-packages:${PYTHONPATH} /usr/bin/python3 -W ignore:setup.py install is deprecated setup.py egg_info --egg-base ../../build/head build --build-base /home/adam/r2_motion/build/head/build install --record /home/adam/r2_motion/build/head/install.log --single-version-externally-managed install_data
[10.981s] DEBUG:colcon.colcon_core.event_handler.log_command:Invoked command in '/home/adam/r2_motion/src/head' returned '0': PYTHONPATH=/home/adam/r2_motion/build/head/prefix_override:/home/adam/r2_motion/install/head/lib/python3.10/site-packages:${PYTHONPATH} /usr/bin/python3 -W ignore:setup.py install is deprecated setup.py egg_info --egg-base ../../build/head build --build-base /home/adam/r2_motion/build/head/build install --record /home/adam/r2_motion/build/head/install.log --single-version-externally-managed install_data
[11.063s] Level 1:colcon.colcon_core.environment:checking '/home/adam/r2_motion/install/head' for CMake module files
[11.067s] Level 1:colcon.colcon_core.environment:checking '/home/adam/r2_motion/install/head' for CMake config files
[11.073s] Level 1:colcon.colcon_core.environment:checking '/home/adam/r2_motion/install/head/lib'
[11.074s] Level 1:colcon.colcon_core.environment:checking '/home/adam/r2_motion/install/head/bin'
[11.075s] Level 1:colcon.colcon_core.environment:checking '/home/adam/r2_motion/install/head/lib/pkgconfig/head.pc'
[11.076s] Level 1:colcon.colcon_core.environment:checking '/home/adam/r2_motion/install/head/lib/python3.10/site-packages'
[11.076s] Level 1:colcon.colcon_core.shell:create_environment_hook('head', 'pythonpath')
[11.077s] INFO:colcon.colcon_core.shell:Creating environment hook '/home/adam/r2_motion/install/head/share/head/hook/pythonpath.ps1'
[11.080s] INFO:colcon.colcon_core.shell:Creating environment descriptor '/home/adam/r2_motion/install/head/share/head/hook/pythonpath.dsv'
[11.081s] INFO:colcon.colcon_core.shell:Creating environment hook '/home/adam/r2_motion/install/head/share/head/hook/pythonpath.sh'
[11.084s] Level 1:colcon.colcon_core.environment:checking '/home/adam/r2_motion/install/head/bin'
[11.085s] Level 1:colcon.colcon_core.environment:create_environment_scripts_only(head)
[11.086s] INFO:colcon.colcon_core.shell:Creating package script '/home/adam/r2_motion/install/head/share/head/package.ps1'
[11.091s] INFO:colcon.colcon_core.shell:Creating package descriptor '/home/adam/r2_motion/install/head/share/head/package.dsv'
[11.094s] INFO:colcon.colcon_core.shell:Creating package script '/home/adam/r2_motion/install/head/share/head/package.sh'
[11.099s] INFO:colcon.colcon_core.shell:Creating package script '/home/adam/r2_motion/install/head/share/head/package.bash'
[11.116s] INFO:colcon.colcon_core.shell:Creating package script '/home/adam/r2_motion/install/head/share/head/package.zsh'
[11.127s] Level 1:colcon.colcon_core.environment:create_file_with_runtime_dependencies(/home/adam/r2_motion/install/head/share/colcon-core/packages/head)
[11.129s] DEBUG:colcon.colcon_parallel_executor.executor.parallel:closing loop
[11.131s] DEBUG:colcon.colcon_parallel_executor.executor.parallel:loop closed
[11.131s] DEBUG:colcon.colcon_parallel_executor.executor.parallel:run_until_complete finished with '0'
[11.132s] DEBUG:colcon.colcon_core.event_reactor:joining thread
[11.174s] INFO:colcon.colcon_core.plugin_system:Skipping extension 'colcon_notification.desktop_notification.terminal_notifier': Not used on non-Darwin systems
[11.175s] INFO:colcon.colcon_core.plugin_system:Skipping extension 'colcon_notification.desktop_notification.win32': Not used on non-Windows systems
[11.175s] INFO:colcon.colcon_notification.desktop_notification:Sending desktop notification using 'notify2'
[11.180s] DEBUG:colcon.colcon_notification.desktop_notification.notify2:Failed to initialize notify2: org.freedesktop.DBus.Error.ServiceUnknown: The name org.freedesktop.Notifications was not provided by any .service files
[11.181s] DEBUG:colcon.colcon_core.event_reactor:joined thread
[11.182s] INFO:colcon.colcon_core.shell:Creating prefix script '/home/adam/r2_motion/install/local_setup.ps1'
[11.195s] INFO:colcon.colcon_core.shell:Creating prefix util module '/home/adam/r2_motion/install/_local_setup_util_ps1.py'
[11.212s] INFO:colcon.colcon_core.shell:Creating prefix chain script '/home/adam/r2_motion/install/setup.ps1'
[11.224s] INFO:colcon.colcon_core.shell:Creating prefix script '/home/adam/r2_motion/install/local_setup.sh'
[11.229s] INFO:colcon.colcon_core.shell:Creating prefix util module '/home/adam/r2_motion/install/_local_setup_util_sh.py'
[11.232s] INFO:colcon.colcon_core.shell:Creating prefix chain script '/home/adam/r2_motion/install/setup.sh'
[11.244s] INFO:colcon.colcon_core.shell:Creating prefix script '/home/adam/r2_motion/install/local_setup.bash'
[11.254s] INFO:colcon.colcon_core.shell:Creating prefix chain script '/home/adam/r2_motion/install/setup.bash'
[11.269s] INFO:colcon.colcon_core.shell:Creating prefix script '/home/adam/r2_motion/install/local_setup.zsh'
[11.278s] INFO:colcon.colcon_core.shell:Creating prefix chain script '/home/adam/r2_motion/install/setup.zsh'
