[3.796s] Invoking command in '/home/adam/r2_motion/src/head': PYTHONPATH=/home/adam/r2_motion/build/head/prefix_override:/home/adam/r2_motion/install/head/lib/python3.10/site-packages:${PYTHONPATH} /usr/bin/python3 -W ignore:setup.py install is deprecated setup.py egg_info --egg-base ../../build/head build --build-base /home/adam/r2_motion/build/head/build install --record /home/adam/r2_motion/build/head/install.log --single-version-externally-managed install_data
[5.373s] running egg_info
[5.376s] writing ../../build/head/head.egg-info/PKG-INFO
[5.378s] writing dependency_links to ../../build/head/head.egg-info/dependency_links.txt
[5.378s] writing entry points to ../../build/head/head.egg-info/entry_points.txt
[5.379s] writing requirements to ../../build/head/head.egg-info/requires.txt
[5.380s] writing top-level names to ../../build/head/head.egg-info/top_level.txt
[5.389s] reading manifest file '../../build/head/head.egg-info/SOURCES.txt'
[5.393s] writing manifest file '../../build/head/head.egg-info/SOURCES.txt'
[5.394s] running build
[5.394s] running build_py
[5.395s] copying head/head.py -> /home/adam/r2_motion/build/head/build/lib/head
[5.396s] running install
[5.398s] running install_lib
[5.402s] copying /home/adam/r2_motion/build/head/build/lib/head/head.py -> /home/adam/r2_motion/install/head/lib/python3.10/site-packages/head
[5.406s] byte-compiling /home/adam/r2_motion/install/head/lib/python3.10/site-packages/head/head.py to head.cpython-310.pyc
[5.412s] running install_data
[5.412s] running install_egg_info
[5.421s] removing '/home/adam/r2_motion/install/head/lib/python3.10/site-packages/head-0.0.0-py3.10.egg-info' (and everything under it)
[5.423s] Copying ../../build/head/head.egg-info to /home/adam/r2_motion/install/head/lib/python3.10/site-packages/head-0.0.0-py3.10.egg-info
[5.428s] running install_scripts
[5.524s] Installing head script to /home/adam/r2_motion/install/head/lib/head
[5.526s] writing list of installed files to '/home/adam/r2_motion/build/head/install.log'
[5.650s] Invoked command in '/home/adam/r2_motion/src/head' returned '0': PYTHONPATH=/home/adam/r2_motion/build/head/prefix_override:/home/adam/r2_motion/install/head/lib/python3.10/site-packages:${PYTHONPATH} /usr/bin/python3 -W ignore:setup.py install is deprecated setup.py egg_info --egg-base ../../build/head build --build-base /home/adam/r2_motion/build/head/build install --record /home/adam/r2_motion/build/head/install.log --single-version-externally-managed install_data
