[6.021s] Invoking command in '/home/adam/r2_motion/src/sensors': PYTHONPATH=/home/adam/r2_motion/build/sensors/prefix_override:/home/adam/r2_motion/install/sensors/lib/python3.10/site-packages:${PYTHONPATH} /usr/bin/python3 -W ignore:setup.py install is deprecated setup.py egg_info --egg-base ../../build/sensors build --build-base /home/adam/r2_motion/build/sensors/build install --record /home/adam/r2_motion/build/sensors/install.log --single-version-externally-managed install_data
[7.749s] running egg_info
[7.755s] writing ../../build/sensors/sensors.egg-info/PKG-INFO
[7.756s] writing dependency_links to ../../build/sensors/sensors.egg-info/dependency_links.txt
[7.757s] writing entry points to ../../build/sensors/sensors.egg-info/entry_points.txt
[7.758s] writing requirements to ../../build/sensors/sensors.egg-info/requires.txt
[7.759s] writing top-level names to ../../build/sensors/sensors.egg-info/top_level.txt
[7.768s] reading manifest file '../../build/sensors/sensors.egg-info/SOURCES.txt'
[7.774s] writing manifest file '../../build/sensors/sensors.egg-info/SOURCES.txt'
[7.775s] running build
[7.776s] running build_py
[7.776s] running install
[7.778s] running install_lib
[7.785s] running install_data
[7.786s] running install_egg_info
[7.796s] removing '/home/adam/r2_motion/install/sensors/lib/python3.10/site-packages/sensors-0.0.0-py3.10.egg-info' (and everything under it)
[7.798s] Copying ../../build/sensors/sensors.egg-info to /home/adam/r2_motion/install/sensors/lib/python3.10/site-packages/sensors-0.0.0-py3.10.egg-info
[7.812s] running install_scripts
[7.927s] Installing sensors script to /home/adam/r2_motion/install/sensors/lib/sensors
[7.931s] writing list of installed files to '/home/adam/r2_motion/build/sensors/install.log'
[8.124s] Invoked command in '/home/adam/r2_motion/src/sensors' returned '0': PYTHONPATH=/home/adam/r2_motion/build/sensors/prefix_override:/home/adam/r2_motion/install/sensors/lib/python3.10/site-packages:${PYTHONPATH} /usr/bin/python3 -W ignore:setup.py install is deprecated setup.py egg_info --egg-base ../../build/sensors build --build-base /home/adam/r2_motion/build/sensors/build install --record /home/adam/r2_motion/build/sensors/install.log --single-version-externally-managed install_data
