[10.996s] Invoking command in '/home/adam/r2_motion/src/head': PYTHONPATH=/home/adam/r2_motion/build/head/prefix_override:/home/adam/r2_motion/install/head/lib/python3.10/site-packages:${PYTHONPATH} /usr/bin/python3 -W ignore:setup.py install is deprecated setup.py egg_info --egg-base ../../build/head build --build-base /home/adam/r2_motion/build/head/build install --record /home/adam/r2_motion/build/head/install.log --single-version-externally-managed install_data
[13.394s] running egg_info
[13.402s] writing ../../build/head/head.egg-info/PKG-INFO
[13.407s] writing dependency_links to ../../build/head/head.egg-info/dependency_links.txt
[13.410s] writing entry points to ../../build/head/head.egg-info/entry_points.txt
[13.414s] writing requirements to ../../build/head/head.egg-info/requires.txt
[13.417s] writing top-level names to ../../build/head/head.egg-info/top_level.txt
[13.436s] reading manifest file '../../build/head/head.egg-info/SOURCES.txt'
[13.451s] writing manifest file '../../build/head/head.egg-info/SOURCES.txt'
[13.455s] running build
[13.455s] running build_py
[13.469s] running install
[13.470s] running install_lib
[13.490s] running install_data
[13.495s] running install_egg_info
[13.519s] removing '/home/adam/r2_motion/install/head/lib/python3.10/site-packages/head-0.0.0-py3.10.egg-info' (and everything under it)
[13.528s] Copying ../../build/head/head.egg-info to /home/adam/r2_motion/install/head/lib/python3.10/site-packages/head-0.0.0-py3.10.egg-info
[13.556s] running install_scripts
[13.771s] Installing head script to /home/adam/r2_motion/install/head/lib/head
[13.778s] writing list of installed files to '/home/adam/r2_motion/build/head/install.log'
[15.715s] Invoked command in '/home/adam/r2_motion/src/head' returned '0': PYTHONPATH=/home/adam/r2_motion/build/head/prefix_override:/home/adam/r2_motion/install/head/lib/python3.10/site-packages:${PYTHONPATH} /usr/bin/python3 -W ignore:setup.py install is deprecated setup.py egg_info --egg-base ../../build/head build --build-base /home/adam/r2_motion/build/head/build install --record /home/adam/r2_motion/build/head/install.log --single-version-externally-managed install_data
