[10.996s] Invoking command in '/home/adam/r2_motion/src/drivetrain': PYTHONPATH=/home/adam/r2_motion/build/drivetrain/prefix_override:/home/adam/r2_motion/install/drivetrain/lib/python3.10/site-packages:${PYTHONPATH} /usr/bin/python3 -W ignore:setup.py install is deprecated setup.py egg_info --egg-base ../../build/drivetrain build --build-base /home/adam/r2_motion/build/drivetrain/build install --record /home/adam/r2_motion/build/drivetrain/install.log --single-version-externally-managed install_data
[13.250s] running egg_info
[13.254s] writing ../../build/drivetrain/drivetrain.egg-info/PKG-INFO
[13.257s] writing dependency_links to ../../build/drivetrain/drivetrain.egg-info/dependency_links.txt
[13.261s] writing entry points to ../../build/drivetrain/drivetrain.egg-info/entry_points.txt
[13.264s] writing requirements to ../../build/drivetrain/drivetrain.egg-info/requires.txt
[13.268s] writing top-level names to ../../build/drivetrain/drivetrain.egg-info/top_level.txt
[13.287s] reading manifest file '../../build/drivetrain/drivetrain.egg-info/SOURCES.txt'
[13.296s] adding license file 'LICENSE'
[13.301s] writing manifest file '../../build/drivetrain/drivetrain.egg-info/SOURCES.txt'
[13.302s] running build
[13.303s] running build_py
[13.306s] running install
[13.308s] running install_lib
[13.320s] running install_data
[13.323s] running install_egg_info
[13.338s] removing '/home/adam/r2_motion/install/drivetrain/lib/python3.10/site-packages/drivetrain-0.0.0-py3.10.egg-info' (and everything under it)
[13.345s] Copying ../../build/drivetrain/drivetrain.egg-info to /home/adam/r2_motion/install/drivetrain/lib/python3.10/site-packages/drivetrain-0.0.0-py3.10.egg-info
[13.361s] running install_scripts
[13.529s] Installing motor script to /home/adam/r2_motion/install/drivetrain/lib/drivetrain
[13.536s] writing list of installed files to '/home/adam/r2_motion/build/drivetrain/install.log'
[13.940s] Invoked command in '/home/adam/r2_motion/src/drivetrain' returned '0': PYTHONPATH=/home/adam/r2_motion/build/drivetrain/prefix_override:/home/adam/r2_motion/install/drivetrain/lib/python3.10/site-packages:${PYTHONPATH} /usr/bin/python3 -W ignore:setup.py install is deprecated setup.py egg_info --egg-base ../../build/drivetrain build --build-base /home/adam/r2_motion/build/drivetrain/build install --record /home/adam/r2_motion/build/drivetrain/install.log --single-version-externally-managed install_data
