[11.086s] Invoking command in '/home/adam/r2_motion/src/bno055': PYTHONPATH=/home/adam/r2_motion/build/bno055/prefix_override:/home/adam/r2_motion/install/bno055/lib/python3.10/site-packages:${PYTHONPATH} /usr/bin/python3 -W ignore:setup.py install is deprecated setup.py egg_info --egg-base ../../build/bno055 build --build-base /home/adam/r2_motion/build/bno055/build install --record /home/adam/r2_motion/build/bno055/install.log --single-version-externally-managed install_data
[13.312s] running egg_info
[13.319s] writing ../../build/bno055/bno055.egg-info/PKG-INFO
[13.323s] writing dependency_links to ../../build/bno055/bno055.egg-info/dependency_links.txt
[13.326s] writing entry points to ../../build/bno055/bno055.egg-info/entry_points.txt
[13.328s] writing requirements to ../../build/bno055/bno055.egg-info/requires.txt
[13.331s] writing top-level names to ../../build/bno055/bno055.egg-info/top_level.txt
[13.337s] reading manifest file '../../build/bno055/bno055.egg-info/SOURCES.txt'
[13.340s] adding license file 'LICENSE'
[13.345s] adding license file 'AUTHORS'
[13.348s] writing manifest file '../../build/bno055/bno055.egg-info/SOURCES.txt'
[13.357s] running build
[13.357s] running build_py
[13.359s] running install
[13.359s] running install_lib
[13.372s] running install_data
[13.374s] copying bno055/params/bno055_params.yaml -> /home/adam/r2_motion/install/bno055/share/bno055/config
[13.378s] running install_egg_info
[13.390s] removing '/home/adam/r2_motion/install/bno055/lib/python3.10/site-packages/bno055-0.5.0-py3.10.egg-info' (and everything under it)
[13.393s] Copying ../../build/bno055/bno055.egg-info to /home/adam/r2_motion/install/bno055/lib/python3.10/site-packages/bno055-0.5.0-py3.10.egg-info
[13.417s] running install_scripts
[13.537s] Installing bno055 script to /home/adam/r2_motion/install/bno055/lib/bno055
[13.544s] writing list of installed files to '/home/adam/r2_motion/build/bno055/install.log'
[13.777s] Invoked command in '/home/adam/r2_motion/src/bno055' returned '0': PYTHONPATH=/home/adam/r2_motion/build/bno055/prefix_override:/home/adam/r2_motion/install/bno055/lib/python3.10/site-packages:${PYTHONPATH} /usr/bin/python3 -W ignore:setup.py install is deprecated setup.py egg_info --egg-base ../../build/bno055 build --build-base /home/adam/r2_motion/build/bno055/build install --record /home/adam/r2_motion/build/bno055/install.log --single-version-externally-managed install_data
